<?xml version="1.0" encoding="UTF-8"?>
<!DOCTYPE properties SYSTEM "http://java.sun.com/dtd/properties.dtd">
<properties>
  <comment>Application Configuration</comment>
  <entry key="UID">jsrvpp</entry>
  <entry key="PWD">h9trs3GG</entry>
  <entry key="DBDRIVER">com.microsoft.sqlserver.jdbc.SQLServerDriver</entry>
  <entry key="DBDATABASE">jdbc:sqlserver://ndmesc-sql901.asp.escriptioncolo.com:1433;database=test_BannerV11Build</entry>
  <entry key="POOLSIZE">5</entry>
  <entry key="MAXPOOLSIZE">5</entry>
  <entry key="POOLINCR">1</entry>
  <entry key="IDLETIMEOUT">600000</entry>
  <entry key="LOCATION_ID">157</entry>
  <entry key="TRACELEVEL">INFO</entry>
</properties>